graph G {
vtj -- jvn
vtj -- jzt
vtj -- jcf
vtj -- zrc
jvn -- grt
jvn -- zch
jvn -- lbb
jvn -- pkt
jzt -- dhv
jzt -- ksq
jzt -- cnv
jzt -- vnt
jcf -- pbj
jcf -- sgq
jcf -- sbd
jcf -- jvl
ccj -- bgz
ccj -- qxc
ccj -- jqt
ccj -- gkj
ccj -- prx
ccj -- qfd
bgz -- lkg
bgz -- gjm
bgz -- lsl
qxc -- zzg
qxc -- pls
qxc -- rtj
qxc -- bgl
jqt -- vgk
jqt -- kvv
jqt -- hdz
gkj -- chk
gkj -- jgj
gkj -- hcv
crd -- cpd
crd -- mfx
crd -- cjg
crd -- nfh
crd -- btf
cpd -- qls
cpd -- pmv
cpd -- bfs
mfx -- hdh
mfx -- jcv
mfx -- pgm
cjg -- vtt
cjg -- dtc
cjg -- grg
nfh -- vbf
nfh -- fjl
nfh -- ktk
nfh -- vfg
zkn -- kfz
zkn -- tmz
zkn -- rlv
zkn -- lhc
kfz -- tkx
kfz -- vpf
kfz -- nxk
kfz -- pvp
kfz -- szc
tmz -- rjk
tmz -- xqh
tmz -- jzn
rlv -- rbv
rlv -- kmc
rlv -- fmf
rlv -- blj
rlv -- lqn
lhc -- gbv
lhc -- gxq
lhc -- skv
lhc -- gfd
lhc -- mmg
szn -- hbs
szn -- qdm
szn -- tck
szn -- lxn
hbs -- lnn
hbs -- gml
hbs -- zrm
qdm -- mlq
qdm -- vvb
qdm -- mkk
qdm -- qlf
tck -- zsq
tck -- nkd
tck -- mlq
fff -- mfj
fff -- grc
fff -- vls
fff -- sfn
mfj -- cvs
mfj -- kqh
mfj -- tsl
mfj -- hlj
grc -- bsc
grc -- xks
grc -- clx
grc -- trb
dbb -- ndd
dbb -- msg
dbb -- tjx
dbb -- hgt
ndd -- hdt
ndd -- lrj
ndd -- tqb
snv -- jll
snv -- rqt
snv -- bbm
snv -- fld
jll -- rbv
jll -- gft
jll -- dth
rqt -- pjh
rqt -- pxl
rqt -- jdl
bbm -- lpd
bbm -- dtl
bbm -- pjz
fld -- qkt
fld -- kjk
fld -- hsz
hjz -- znd
hjz -- hgs
hjz -- xdj
hjz -- pmv
znd -- xkt
znd -- ktk
znd -- xbt
hgs -- blk
hgs -- cfh
hgs -- bvj
hgs -- hrf
xdj -- nfc
xdj -- spq
xdj -- skm
bcm -- ssj
bcm -- pdd
bcm -- mfs
bcm -- rbj
bcm -- grl
bcm -- vnm
ssj -- lpb
ssj -- qxg
ssj -- gvc
pdd -- lpl
pdd -- ftl
pdd -- gkb
mfs -- nph
mfs -- sjp
mfs -- vbc
rbj -- dzp
rbj -- hxs
rbj -- rth
grl -- lgq
grl -- zxl
grl -- xsq
zsz -- gpn
zsz -- cvs
zsz -- hkj
zsz -- gsj
zsz -- snc
zsz -- pzf
gpn -- mlv
gpn -- zkm
gpn -- fsh
cvs -- sfd
cvs -- bcf
cvs -- pqn
hkj -- szj
hkj -- dbt
hkj -- dhg
hkj -- zcq
gsj -- dzd
gsj -- rqp
gsj -- jxx
gsj -- rhd
bch -- dqr
bch -- ctg
bch -- xbv
bch -- xst
dqr -- pfn
dqr -- txz
dqr -- zjr
dqr -- nsz
dqr -- jcv
ldf -- fpc
ldf -- dsx
ldf -- rkn
ldf -- tzp
fpc -- gcm
fpc -- mfq
fpc -- bhz
vjk -- qfk
vjk -- jzv
vjk -- rgk
vjk -- hvr
qfk -- kpl
qfk -- vfh
qfk -- gvv
qfk -- zpg
jzv -- czh
jzv -- dpr
jzv -- qkc
jzv -- plx
rgk -- jbt
rgk -- pnb
rgk -- mhm
rgk -- qhc
bfl -- vbq
bfl -- jlj
bfl -- bjb
bfl -- nkq
bfl -- rtl
vbq -- grb
vbq -- sgv
vbq -- pxq
jlj -- pzn
jlj -- kpt
jlj -- nbc
bjb -- cbh
bjb -- jhk
bjb -- kmc
nkq -- ctg
nkq -- blk
nkq -- fnk
nkq -- zhf
nkq -- xkt
nqc -- xgp
nqc -- blj
nqc -- krx
nqc -- tcb
xgp -- nsl
xgp -- gbx
xgp -- lpm
xgp -- gjh
blj -- tmp
blj -- zdz
krx -- txz
krx -- pgm
krx -- gfn
tcb -- rzq
tcb -- fmz
tcb -- fzf
tcb -- rvj
tcb -- thk
tcb -- jdh
fxt -- tvq
fxt -- knq
fxt -- qxt
fxt -- nrz
tvq -- rtd
tvq -- vkn
tvq -- vkl
knq -- zjg
knq -- lds
knq -- cbm
xmr -- psv
xmr -- llq
xmr -- bdt
xmr -- qvp
psv -- vmq
psv -- cdj
psv -- dht
llq -- mpj
llq -- dmr
llq -- vnt
bdt -- xhl
bdt -- pgm
bdt -- ntz
zqk -- rgt
zqk -- vfh
zqk -- clx
zqk -- gxm
rgt -- jhb
rgt -- vhh
rgt -- jfx
rgt -- dpz
vfh -- qbq
vfh -- bpg
clx -- rvk
clx -- ssk
clx -- sjq
gxm -- frr
gxm -- dsx
gxm -- gfl
gxm -- cst
vls -- mgj
vls -- gnx
vls -- kgs
vls -- zlm
mgj -- fgv
mgj -- srf
mgj -- jtl
gnx -- qbq
gnx -- gzq
gnx -- tgv
lfr -- xhb
lfr -- msh
lfr -- dtj
lfr -- qdr
xhb -- lvb
xhb -- dpr
xhb -- dxc
xhb -- pqr
msh -- dps
msh -- gcj
msh -- lgq
mtm -- vhn
mtm -- xbk
mtm -- xbb
mtm -- jlq
vhn -- mgp
vhn -- nnj
vhn -- mjn
xbk -- xvr
xbk -- csq
xbk -- mmh
xbb -- mkd
xbb -- sbs
xbb -- zth
jlq -- cbm
jlq -- kdk
jlq -- xrt
bqb -- vdd
bqb -- jhd
bqb -- kcp
bqb -- khf
vdd -- zzq
vdd -- pzn
vdd -- szc
jhd -- lvr
jhd -- bqh
jhd -- nbv
jhd -- mxg
kcp -- kcb
kcp -- lbk
kcp -- dmb
kcp -- qzd
kcp -- jnj
khf -- vdn
khf -- sqv
khf -- kxx
qkt -- skv
qkt -- fgz
qkt -- snl
qkt -- dzm
skv -- gmm
skv -- rrh
skv -- rsn
skv -- fjz
fgz -- cfk
fgz -- cfh
fgz -- sqp
fgz -- dlc
snl -- dsr
snl -- fsq
snl -- tgt
dzm -- gbv
dzm -- npq
dzm -- jdh
dfr -- ddr
dfr -- vsd
dfr -- bdb
dfr -- grv
ddr -- vkb
ddr -- dnp
ddr -- txk
jkl -- ttm
jkl -- sdt
jkl -- mlp
jkl -- fcb
ttm -- njx
ttm -- kzf
ttm -- xmc
tkc -- rkx
tkc -- hpk
tkc -- nqz
tkc -- fhm
rkx -- pgx
rkx -- qfb
rkx -- zjg
hpk -- hnp
hpk -- lhn
hpk -- xgd
grb -- ccr
grb -- gqh
grb -- vbh
ccr -- pzg
ccr -- dfp
ccr -- djp
ccr -- zdz
fzk -- rkk
fzk -- zmn
fzk -- ldt
fzk -- hcv
rkk -- fct
rkk -- gdp
rkk -- dff
zmn -- cjl
zmn -- prl
zmn -- jdl
ldt -- ttf
ldt -- hjx
ldt -- vnb
ldt -- gmz
jnv -- sfg
jnv -- lkz
jnv -- kzl
jnv -- mcl
sfg -- hnp
sfg -- svf
sfg -- jxb
lkz -- dxk
lkz -- rjd
lkz -- llv
lkz -- zpr
vmq -- vcz
vmq -- fcc
vmq -- vqj
vcz -- pxf
vcz -- pls
vcz -- hjk
fcc -- mqg
fcc -- djp
fcc -- qnb
vqj -- nll
vqj -- qht
vqj -- mdx
qxr -- xkc
qxr -- nmt
qxr -- dsp
qxr -- xbt
qxr -- pmp
xkc -- cfk
xkc -- pxq
xkc -- slv
xkc -- xst
xkc -- ttg
xkc -- sxm
nmt -- sgq
nmt -- knh
nmt -- nbg
lxr -- ftl
lxr -- qln
lxr -- vfd
lxr -- xzg
ftl -- bkh
ftl -- vkb
ftl -- ldl
qln -- gnm
qln -- jvg
qln -- slr
xhl -- nmm
xhl -- hmk
xhl -- mzt
xhl -- jdq
fml -- sgv
fml -- rsn
fml -- vdn
fml -- ltd
sgv -- bkr
sgv -- thm
rsn -- scs
rsn -- hzz
rsn -- kjv
qjk -- zql
qjk -- fbx
qjk -- fmf
qjk -- dkl
zql -- ljd
zql -- vzl
zql -- bcx
zql -- rfp
fbx -- cmp
fbx -- bnv
fbx -- bjt
fbx -- xsx
fbx -- hlb
fbx -- kbp
fmf -- xkh
fmf -- qkr
hrx -- kzt
hrx -- zrq
hrx -- xkh
hrx -- hdd
kzt -- ftc
kzt -- vjh
kzt -- fqk
zrq -- cfh
zrq -- zlr
zrq -- gst
zrq -- pll
zrq -- mld
xkh -- kft
xkh -- sqv
xkh -- gfh
xkh -- xcd
mkd -- dps
mkd -- gsr
mkd -- pdn
jgj -- hjk
jgj -- blk
jgj -- gsz
jgj -- tsg
jgj -- hjx
hjk -- lhq
hjk -- pzs
hjk -- sdt
hjk -- qfq
hjk -- bzh
hjk -- rtl
tfp -- zxx
tfp -- hmt
tfp -- ntr
tfp -- fhq
zxx -- gvm
zxx -- xfx
zxx -- jgf
hmt -- rpd
hmt -- fhq
hmt -- rkn
ntr -- vgx
ntr -- nst
ntr -- lkj
fhq -- kfb
fhq -- jpn
fhq -- sjq
rjv -- kxc
rjv -- hgt
rjv -- fbs
rjv -- hfl
rjv -- gmc
kxc -- ktg
kxc -- gfh
kxc -- sqb
hgt -- zvs
hgt -- cmq
hgt -- vtg
hgt -- chm
fbs -- ztf
fbs -- pqv
fbs -- jmm
hfl -- bxc
hfl -- lbl
hfl -- lrj
gmc -- jkt
gmc -- hxp
gmc -- mxm
lkp -- nlx
lkp -- vmp
lkp -- jfb
lkp -- gxf
nlx -- spn
nlx -- csq
nlx -- clt
vmp -- rth
vmp -- dmj
vmp -- rfh
vmp -- kvp
vmp -- scl
jfb -- fqc
jfb -- ppr
jfb -- kqp
jfb -- knr
jfz -- vmt
jfz -- hxp
jfz -- rvc
jfz -- sjg
vmt -- lfk
vmt -- mzt
vmt -- hpx
vmt -- hrf
hxp -- djp
hxp -- fxm
rvc -- jgp
rvc -- ntd
rvc -- lnb
rvc -- kbp
sjg -- gnt
sjg -- lzq
sjg -- grx
sjg -- blr
nff -- fcx
nff -- kpl
nff -- xhm
nff -- bxx
fcx -- nhx
fcx -- pzk
fcx -- pgp
fcx -- jkr
kpl -- gbn
kpl -- nmj
kpl -- kqp
kpl -- lxn
kpl -- mhm
kpl -- hqq
kpl -- qpf
xhm -- ddp
xhm -- hnz
xhm -- tnb
xhm -- ktn
bxx -- ndm
bxx -- ksj
bxx -- drc
bxx -- bhz
bxx -- fxb
bxx -- srj
pnv -- kfb
pnv -- txk
pnv -- fnt
pnv -- gvq
kfb -- grj
kfb -- xcz
jfj -- dhg
jfj -- gvf
jfj -- rhr
jfj -- nmj
dhg -- fxv
dhg -- bqx
dhg -- txg
dhg -- kgq
gvf -- shb
gvf -- hrl
gvf -- vdb
gvf -- kbq
gvf -- mnh
gvf -- gbq
rhr -- ngc
rhr -- vhh
rhr -- gxf
rhr -- gbq
nmj -- qtf
nmj -- fbd
nmj -- kmj
tzm -- gvm
tzm -- jtl
tzm -- qxh
tzm -- xrt
tzm -- xfs
gvm -- bqs
gvm -- jfv
jtl -- gvv
jtl -- phf
jtl -- lcv
qxh -- gsm
qxh -- ktb
qxh -- gfl
xrt -- rmv
xrt -- zkm
kfj -- bzs
kfj -- pmb
kfj -- vnm
kfj -- mdm
bzs -- cgp
bzs -- vfp
bzs -- flg
pmb -- pgq
pmb -- djl
pmb -- jhv
cqj -- lbr
cqj -- dxk
cqj -- ngb
cqj -- cnk
cqj -- kbq
lbr -- lgr
lbr -- rjd
lbr -- sjp
lbr -- hsg
lbr -- zkm
xfh -- lhn
xfh -- nbp
xfh -- qvc
xfh -- zdk
lhn -- dpz
lhn -- dkz
nbp -- cxx
nbp -- nqb
nbp -- rqj
nbp -- cqs
nbp -- bdm
nbp -- mcl
qvc -- bnk
qvc -- mlq
qvc -- nfg
qvc -- msl
qvc -- mdm
qbf -- tpm
qbf -- gsl
qbf -- nzs
qbf -- bsx
tpm -- skp
tpm -- rpb
tpm -- sxf
cdj -- kjj
cdj -- vmc
cdj -- grx
kjj -- pfq
kjj -- dff
kjj -- dkr
kjj -- khl
thx -- kfx
thx -- dsr
thx -- zqf
thx -- tqq
kfx -- bjt
kfx -- xqx
kfx -- szx
vdp -- hsg
vdp -- bsx
vdp -- brv
vdp -- rlk
hsg -- psk
hsg -- gsc
bsx -- xfx
bsx -- fmj
bsx -- fgl
hps -- dns
hps -- rbs
hps -- xqk
hps -- jvt
dns -- gmm
dns -- ccq
dns -- xqh
rbs -- xpv
rbs -- blx
rbs -- ntz
dtj -- dzp
dtj -- zxl
dtj -- vmb
dtj -- fxv
dzp -- sdl
dzp -- xzd
dzp -- jgf
zxl -- xvx
zxl -- ljl
zxl -- qkq
vmb -- bdf
vmb -- kns
vmb -- nqs
fxv -- cmt
fxv -- sqc
cqh -- rfh
cqh -- vhd
cqh -- rth
cqh -- skd
cqh -- bdf
rfh -- ztz
rfh -- xvx
rfh -- pkj
rfh -- hzv
rfh -- ztx
vhd -- qrr
vhd -- qhk
vhd -- nth
pzd -- vgx
pzd -- xvx
pzd -- qsh
pzd -- cmt
vgx -- rxh
vgx -- fxj
pzg -- nll
pzg -- mxg
pzg -- rzq
gnm -- rxx
gnm -- qnk
gnm -- vvb
gnm -- nqp
rxx -- sxk
rxx -- vzz
rxx -- jxg
ddv -- xfm
ddv -- hlf
ddv -- pbd
ddv -- tzj
xfm -- kpc
xfm -- vdc
xfm -- dth
hlf -- dlc
hlf -- njx
hlf -- vvr
hlf -- trl
pbd -- jmh
pbd -- bsz
pbd -- fbn
rfj -- xmx
rfj -- mbl
rfj -- vpl
rfj -- jkt
xmx -- dmr
xmx -- mkg
xmx -- gsz
mbl -- vzq
mbl -- vxl
mbl -- xvv
mbl -- gzs
vpl -- vzq
vpl -- sss
vpl -- bqh
nsl -- tfm
nsl -- fqp
nsl -- nfk
tfm -- xpb
tfm -- vtg
tfm -- qjf
tfm -- zlr
fqp -- ctg
fqp -- cqn
fqp -- rqr
nfk -- gmt
nfk -- gff
nfk -- jcv
ctv -- hnz
ctv -- tlp
ctv -- jbt
ctv -- szd
ctv -- jpd
ctv -- chh
hnz -- hjp
hnz -- nph
tlp -- sbq
tlp -- ptb
tlp -- mcl
jbt -- sbs
jbt -- bzl
szd -- hkp
szd -- ppr
szd -- fdp
szd -- fxl
szd -- gzq
jpd -- hrn
jpd -- bjm
jpd -- nth
vtv -- hfc
vtv -- zsb
vtv -- nrz
vtv -- kzd
hfc -- shz
hfc -- jnz
hfc -- jxg
zsb -- tlx
zsb -- rlh
zsb -- nfq
nrz -- zpg
nrz -- kgq
nrz -- lrl
kzd -- hjp
kzd -- jgf
kzd -- mdm
tnb -- cfn
tnb -- dsm
tnb -- vps
cfn -- dnh
cfn -- srf
cfn -- kqc
cfn -- jkn
cfn -- gsq
lhq -- ndr
lhq -- hqx
lhq -- mld
ndr -- krr
ndr -- tlt
ndr -- zdv
ngc -- ljx
ngc -- tvh
ngc -- jff
vhh -- qvl
vhh -- cht
scj -- sbd
scj -- svs
scj -- dkt
scj -- kmh
sbd -- gds
sbd -- qzd
sbd -- nlv
sbd -- knc
sbd -- qnh
svs -- cdv
svs -- rlb
svs -- dmz
svs -- zrz
svs -- hdd
svs -- grx
dkt -- tdf
dkt -- xvd
dkt -- rfm
kmh -- nll
kmh -- jzp
kmh -- kkx
ztz -- pgq
ztz -- tgv
ztz -- fdq
pgq -- qrr
pgq -- cgp
pgq -- pkr
tgv -- nqb
tgv -- hzv
xqk -- nbv
xqk -- rdn
xqk -- fdl
nbv -- lvm
nbv -- zjr
rdn -- kpc
rdn -- ngh
rdn -- bxc
rdn -- kkh
rdn -- fkf
fdl -- jhk
fdl -- vmz
fdl -- trl
ksb -- knb
ksb -- sbq
ksb -- tgm
ksb -- kxb
ksb -- kml
knb -- skp
knb -- qhc
knb -- msp
sbq -- fhv
sbq -- sjq
tgm -- pnb
tgm -- xnk
tgm -- jpn
kxb -- qbc
kxb -- xvr
kxb -- bxj
kxb -- ngb
fcf -- tzt
fcf -- cxz
fcf -- rjd
fcf -- gsl
tzt -- hsm
tzt -- fvg
tzt -- qlf
tzt -- gfl
cxz -- rzj
cxz -- skd
cxz -- vvb
cxz -- fbd
lkl -- xkv
lkl -- lpl
lkl -- nnj
lkl -- czf
xkv -- qpk
xkv -- lgq
xkv -- skl
xkv -- pbc
lpl -- jgl
lpl -- hzv
vtt -- qgx
vtt -- jhk
vtt -- tdx
vtt -- zfx
vtt -- snh
qgx -- qqb
qgx -- nfc
qgx -- gxz
qgx -- mth
jhk -- kct
jhk -- mhq
tdx -- zrz
tdx -- pxf
tdx -- pzn
tdx -- hdn
tdx -- gnv
tdx -- gcv
gds -- gvl
gds -- dqp
gds -- fpz
gvl -- khb
gvl -- bbs
gvl -- ttg
dqp -- zmd
dqp -- gfh
dqp -- slv
sqh -- gsm
sqh -- mtc
sqh -- vtq
sqh -- lgq
gsm -- tgg
gsm -- jbs
gsm -- jkr
mtc -- lpx
mtc -- ktn
mtc -- kqh
vtq -- hxs
vtq -- xzt
vtq -- gfv
vtq -- zjj
vtq -- xds
qjh -- cbh
qjh -- ljm
qjh -- txv
qjh -- vgk
cbh -- trl
cbh -- rcx
ljm -- sfd
ljm -- vhz
ljm -- qvt
ljm -- nbg
cdv -- hvf
cdv -- mrx
cdv -- tvr
cdv -- ztd
rlb -- crh
rlb -- zmd
rlb -- mtj
rlb -- txz
rlb -- tfx
dmz -- ldr
dmz -- cqk
dmz -- hsz
zrz -- psh
zrz -- pxr
fvj -- ckj
fvj -- qsf
fvj -- grn
fvj -- cfh
ckj -- dbl
ckj -- gmn
ckj -- ffv
qsf -- fjl
qsf -- lzq
qsf -- jvl
qsf -- dth
zzg -- jcl
zzg -- hgd
zzg -- xqp
jcl -- hkx
jcl -- ddz
jcl -- drm
hgd -- xsv
hgd -- rbv
hgd -- rlg
mdr -- qdn
mdr -- gkb
mdr -- mrl
mdr -- xpp
qdn -- txg
qdn -- tzh
qdn -- kgq
gkb -- qpk
gkb -- msp
gkb -- nrh
mrl -- nhs
mrl -- txf
mrl -- pvc
xpp -- bxz
xpp -- pcs
xpp -- czh
fxn -- jxx
fxn -- zxv
fxn -- bxz
fxn -- mgp
jxx -- cqc
jxx -- gvs
jxx -- tcg
zxv -- jfr
zxv -- nzg
zxv -- bcf
pkx -- zll
pkx -- xfr
pkx -- bvj
pkx -- ncv
pkx -- bjs
pkx -- gkt
zll -- dzv
zll -- jvl
zll -- svn
zll -- hlb
xfr -- knc
xfr -- mtj
xfr -- cgb
bvj -- qzd
bvj -- hmk
ncv -- mxm
ncv -- rbr
ncv -- kdf
bjs -- dpj
bjs -- cgb
bjs -- rdj
gkt -- vts
gkt -- nmm
gkt -- zch
rqx -- xcz
rqx -- dmj
rqx -- znk
rqx -- bft
rqx -- bzl
rqx -- gvj
xcz -- xnd
xcz -- prf
dmj -- hfn
dmj -- phf
bkh -- znt
bkh -- txk
bkh -- xnk
znt -- nxr
znt -- hjm
znt -- gcd
mpj -- tpr
mpj -- vms
mpj -- htr
mpj -- rvb
tpr -- srq
tpr -- dlt
tpr -- rmj
tpr -- prl
vms -- tsb
vms -- fvq
vms -- ccq
htr -- sqg
htr -- jgp
htr -- dsp
rvb -- cnt
rvb -- ltd
rvb -- blr
crh -- mft
crh -- jkb
crh -- vts
mft -- rfm
mft -- jzn
mft -- pkt
mft -- qng
mft -- rlt
mft -- slp
jkb -- gmx
jkb -- xvv
jkb -- gfn
xkt -- rjk
xkt -- zch
xkt -- vhv
xkt -- cqm
ktk -- khb
ktk -- pqv
ktk -- jks
ktk -- ldr
xbt -- fdb
xbt -- rst
xbt -- mxg
tsb -- qls
tsb -- zzq
tsb -- qkr
qls -- lpm
qls -- qjf
qls -- rnh
dnn -- lnb
dnn -- vtg
dnn -- pxr
dnn -- rvj
lnb -- khm
lnb -- vfg
cbg -- cfm
cbg -- llt
cbg -- pqr
cbg -- bpt
cbg -- zpm
cfm -- grj
cfm -- bqx
cfm -- xft
llt -- nhx
llt -- qdb
llt -- dps
pqr -- mmd
pqr -- tlm
bpt -- xfs
bpt -- prd
bpt -- nnj
bpt -- grs
bpt -- kqh
bxz -- bmm
bxz -- pzf
bxz -- xsq
bxz -- nhf
bmm -- clt
bmm -- zzm
bmm -- zqb
bmm -- hlc
pzf -- rzj
pzf -- hlc
xsq -- htm
xsq -- czj
xsq -- grv
cgp -- lss
cgp -- jdv
cgp -- dhj
lss -- crk
lss -- rrk
lss -- lnt
jdv -- vss
jdv -- tgg
jdv -- zdk
dhj -- dnz
dhj -- qkq
dhj -- rrk
nhx -- gcl
nhx -- fxl
qdb -- kbx
qdb -- vlg
qdb -- dxc
qdb -- jdn
dlc -- zfr
dlc -- fzx
rcq -- drm
rcq -- lqn
rcq -- qnh
rcq -- pvp
drm -- zsj
drm -- hbk
lqn -- qht
lqn -- dht
lqn -- ptn
qnh -- pjh
qnh -- nll
qnh -- dsr
qnh -- mrx
xvr -- ccv
xvr -- rrg
xvr -- xcv
ccv -- zzm
ccv -- hzv
ccv -- nth
zmd -- mvr
zmd -- pxv
mvr -- fpz
mvr -- tgt
mvr -- vnb
mvr -- bqh
pcr -- hkk
pcr -- jtm
pcr -- nbh
pcr -- rsr
hkk -- fgf
hkk -- lhm
hkk -- vgv
jtm -- kbx
jtm -- kxg
jtm -- jpn
nbh -- nxr
nbh -- bgm
nbh -- nhf
nbh -- qkj
dps -- xgd
njh -- vkx
njh -- sfd
njh -- xnk
njh -- snn
vkx -- cmt
vkx -- zpg
vkx -- clh
dxk -- qbx
dxk -- jsx
dxk -- khd
dxk -- jgl
dxk -- lpb
dxk -- fsh
qbx -- gcj
qbx -- kxg
qbx -- fdp
jsx -- bjr
jsx -- pgn
jsx -- qcb
khd -- fgf
khd -- tjs
khd -- lcv
jgl -- zzx
jgl -- sgt
jgl -- tpb
prx -- ntd
prx -- mdx
prx -- ggn
ntd -- jvt
ntd -- pkh
mdx -- qzb
mdx -- vhz
mdx -- xjv
ggn -- xpd
ggn -- sxv
ggn -- rqk
hzr -- mfh
hzr -- rxh
hzr -- kkn
hzr -- bxv
mfh -- txk
mfh -- pvc
mfh -- zjj
fcd -- lsl
fcd -- pfq
fcd -- vfg
fcd -- mkb
lsl -- bnh
lsl -- bfs
vdn -- pxf
vdn -- kch
vdn -- dzv
vdn -- qvt
pxf -- qnb
kch -- xcd
kch -- hsl
kch -- rfp
kch -- ffv
dzv -- vzl
dzv -- crv
ttf -- zrc
ttf -- scs
ttf -- ccq
zrc -- hsl
zrc -- hdn
scs -- fvt
scs -- lpm
ccq -- rlg
bgl -- xvb
bgl -- ggx
bgl -- gmx
bgl -- snd
xvb -- fqk
xvb -- vhz
xvb -- zqf
ggx -- bmv
ggx -- chp
ggx -- mlt
ggx -- nds
skp -- rvk
skp -- mlv
skp -- vfd
skp -- mfl
rvk -- qrz
rvk -- zqc
mlv -- qsh
mlv -- fnt
vfd -- kkn
vfd -- psk
vfd -- cxx
mfl -- knr
mfl -- crk
mfl -- bzl
mkr -- lnh
mkr -- clv
mkr -- brv
mkr -- msp
mkr -- ppj
lnh -- dbd
lnh -- fck
lnh -- kzl
clv -- msb
clv -- bjr
clv -- jff
jks -- krr
jks -- vcs
jks -- krk
krr -- mtt
krr -- rbt
kqb -- nst
kqb -- bsc
kqb -- lrm
kqb -- jsv
nst -- tqk
nst -- hfn
bsc -- csq
bsc -- cvk
pjh -- qfj
pjh -- xlt
sbk -- zkr
sbk -- pkz
sbk -- pnb
sbk -- gvj
sbk -- hlc
zkr -- vfs
zkr -- xkq
zkr -- tzx
pkz -- bdk
pkz -- jcp
pkz -- sjq
qzm -- lkj
qzm -- rtd
qzm -- zth
qzm -- jsv
lkj -- shb
lkj -- rkg
lkj -- hlc
kqh -- hjd
kqh -- qrz
tsl -- ndm
tsl -- tnd
tsl -- bjr
gbn -- grj
gbn -- gzq
gbn -- sdj
kqp -- gvs
kqp -- hmf
lxn -- xbq
lxn -- brv
lxn -- dkd
mhm -- rsd
mhm -- qfl
xfs -- zzx
xfs -- sxp
xfs -- qdh
zzx -- ktz
zzx -- pcz
zzx -- tkh
sxp -- skl
sxp -- rhx
sxp -- snn
qdh -- tsc
qdh -- zlj
qdh -- grv
dmr -- hfp
dmr -- gtx
hfp -- nmg
hfp -- jvl
hfp -- npz
mmd -- rxn
mmd -- htc
mmd -- nhg
rxn -- rfs
rxn -- mnh
rxn -- jtg
rxn -- tqp
rxn -- djl
htc -- xcv
htc -- bjh
htc -- tth
htc -- hcx
shb -- xfx
shb -- cfr
shb -- bxv
shb -- thf
xfx -- ctj
cfr -- gsl
cfr -- dnr
cfr -- hdk
bxc -- grg
bxc -- fmz
bxc -- vjh
lbl -- sdt
lbl -- tpp
lbl -- njx
lbl -- qng
lbl -- xqh
lrj -- ccg
lrj -- gmx
lrj -- tjx
lrj -- dsv
llg -- vzz
llg -- dsm
llg -- hnt
llg -- ltx
vzz -- gcl
vzz -- nqs
vzz -- srj
vzz -- zqc
qrr -- rbf
qrr -- kkz
qrr -- mgp
rbf -- lvf
rbf -- bft
rbf -- ptb
nnj -- qtl
qtl -- jfv
qtl -- pcs
qtl -- znk
dsm -- nrh
dsm -- mfq
nrh -- lvd
nrh -- jhv
nrh -- gvv
mfq -- vnm
mfq -- flg
gnt -- sjb
gnt -- vcg
gnt -- gjz
sjb -- bpp
sjb -- nlf
sjb -- gmn
vcg -- djp
vcg -- hnm
vcg -- hrc
gjz -- lzr
gjz -- vmc
gjz -- rpt
gjz -- zld
fvt -- nsz
fvt -- gmq
fvt -- vxx
fvt -- cts
fvt -- kmc
fvt -- zjr
fvt -- cxb
nsz -- qcm
nsz -- fxm
nsz -- zkp
gmq -- dsp
gmq -- pkt
gmq -- rcx
shm -- tzx
shm -- zjg
shm -- tkh
shm -- qpf
tzx -- qph
tzx -- nth
zjg -- nhg
zjg -- pqn
bkr -- qht
bkr -- ccg
bkr -- cqm
qht -- xjv
qht -- tls
xtk -- vxv
xtk -- nkz
xtk -- hlt
xtk -- rfp
vxv -- rxg
vxv -- hdr
vxv -- zst
nkz -- qqb
nkz -- tss
nkz -- tkz
hlt -- btf
hlt -- vtl
hlt -- pgk
rfp -- rmj
rfp -- qmb
qnk -- qkn
qnk -- xds
qnk -- ltx
qkn -- jnz
qkn -- fns
qkn -- cjm
qkn -- gml
xds -- gbq
xds -- kdk
dsp -- znz
pcs -- slx
pcs -- hvp
pcs -- ppj
pzs -- zks
pzs -- fjp
pzs -- fcb
zmc -- gvv
zmc -- gvs
zmc -- mgx
zmc -- pdl
gvv -- rtd
gvv -- qxt
gvs -- sbs
mgx -- zpm
mgx -- xfq
mgx -- rlk
czp -- grs
czp -- qpk
czp -- rrk
czp -- bpg
grs -- tpx
grs -- srf
grs -- qph
grs -- qfl
zps -- dtc
zps -- bfs
zps -- dbl
zps -- mkb
zps -- mlt
zps -- zjz
dtc -- xmb
dtc -- kqn
bfs -- snr
bfs -- xxl
dbl -- fct
dbl -- msg
mkb -- hvf
mkb -- vdt
mlt -- gzk
mlt -- zhv
mlt -- kxz
zjz -- fvq
zjz -- gst
zjz -- ztd
qpk -- tjs
tjs -- clt
tjs -- zpr
tjs -- clp
xxj -- bvs
xxj -- ptr
xxj -- fxk
xxj -- sjq
bvs -- sdl
bvs -- qrj
bvs -- hvp
bvs -- tzh
lvf -- ljx
lvf -- mhk
lvf -- bdk
lvf -- hvr
dtx -- frz
dtx -- jhv
dtx -- fgv
dtx -- tpt
frz -- vdb
frz -- psk
frz -- slr
frz -- sxf
jhv -- pgn
fgv -- dbd
fgv -- jxh
fgv -- drc
tpt -- gtl
tpt -- rlh
tpt -- bvg
sbs -- sgs
sbs -- zfv
sbs -- scd
sgs -- jzj
sgs -- cvk
sgs -- vxb
sgs -- srn
kfp -- xmb
kfp -- cqk
kfp -- xpv
kfp -- nxv
xmb -- mhs
xmb -- nds
cqk -- hbv
cqk -- jmm
cqk -- rvj
xpv -- kdf
xpv -- psr
xpv -- pjz
vzq -- vst
vzq -- mhs
vzq -- vbh
vst -- txv
vst -- dkn
vst -- tkp
vst -- hqx
mhs -- zpk
mhs -- shx
mhs -- lbk
vbh -- rhc
vbh -- zdz
vbh -- dvk
vbh -- mhv
dvk -- ksq
dvk -- tjx
dvk -- vfg
ksq -- vvj
ksq -- rtx
ksq -- slp
fvr -- hpf
fvr -- dfp
fvr -- vtn
fvr -- gzs
hpf -- dcf
hpf -- zdg
hpf -- gmz
ddj -- djp
ddj -- zhk
ddj -- dmf
ddj -- bqh
djp -- vbf
djp -- slv
bmv -- gff
bmv -- dmb
bmv -- bhl
bmv -- kzf
gff -- sff
gff -- fvq
gff -- tdf
gff -- qtv
gff -- pgk
gff -- hll
gff -- gmz
gxq -- pll
gxq -- rrv
gxq -- vdc
pll -- hjx
pll -- cnv
pll -- njg
pll -- mqg
rrv -- msg
rrv -- bbh
rrv -- klx
dnh -- xkq
dnh -- nzl
dnh -- hsb
xkq -- ptr
xkq -- qrj
nzl -- ppz
nzl -- jtg
nzl -- hmf
dbd -- xgz
dbd -- dnz
xgz -- hmn
xgz -- nhs
xgz -- fck
xgz -- kml
xgz -- crc
rxh -- lhh
rxh -- mjk
rxh -- gbq
lhh -- xnd
lhh -- rpb
lhh -- jsv
mjk -- gsr
mjk -- hjm
mjk -- tkj
bgm -- pvc
bgm -- lqr
bgm -- slr
pvc -- vsd
pvc -- msb
pvc -- jtg
xtm -- pfq
xtm -- vjh
xtm -- gzs
xtm -- qmb
pfq -- kcb
vjh -- ljd
gzs -- xpd
ttc -- jxg
ttc -- qrv
ttc -- ptr
ttc -- qhk
ttc -- ltx
jxg -- bpb
qrv -- ndp
qrv -- fns
qrv -- skd
ptr -- txf
ptr -- jhb
qhk -- fzt
qhk -- xqm
tsc -- bqf
tsc -- lvd
tsc -- tth
bqf -- jjr
bqf -- qbb
bqf -- dsx
lvd -- kxn
lvd -- kck
tth -- ctj
tth -- mgb
tth -- pmk
tth -- dkd
kcb -- pfn
kcb -- gxz
kcb -- pmv
lbk -- fkc
lbk -- npz
dmb -- hzf
dmb -- hqx
dmb -- cxg
hkp -- rfg
hkp -- rhd
hkp -- kxn
rfg -- rrg
rfg -- hvp
rfg -- pcz
rfg -- gfv
rfg -- thf
rhd -- lcj
rhd -- dmx
rhd -- xzm
gfh -- vcs
gfh -- rqr
gps -- xhn
gps -- ndm
gps -- gnc
gps -- zkm
xhn -- cvk
xhn -- phn
xhn -- qbm
kpt -- sgq
kpt -- fvq
kpt -- rbr
kpt -- rcx
sgq -- mth
qbc -- tpx
qbc -- fxr
qbc -- vtr
bxj -- tlm
bxj -- sqc
bxj -- xzg
lpx -- mck
lpx -- ckp
lpx -- npt
lpx -- sdl
mck -- ftn
mck -- nhs
mck -- txk
mck -- zjj
ckp -- mbx
ckp -- fzs
ckp -- trb
npt -- knt
npt -- gzb
npt -- nzg
npt -- tkj
fhg -- jss
fhg -- rkg
fhg -- bqx
fhg -- nfq
fhg -- pgp
jss -- bjh
jss -- bdf
jss -- rdl
rkg -- bqp
rkg -- skz
rkg -- qrg
clb -- pbj
clb -- ccg
clb -- tdf
clb -- hrf
pbj -- ndx
pbj -- qgz
pbj -- qnv
gjq -- hmp
gjq -- zxg
gjq -- sqg
gjq -- nds
hmp -- dkn
hmp -- vtn
hmp -- xpl
hmp -- cvx
zxg -- bqv
zxg -- rmj
zxg -- hdn
zxg -- fqt
sqg -- zkp
sqg -- tkz
nds -- krk
nds -- ffq
smc -- tdf
smc -- pvp
smc -- lqg
smc -- mhq
tdf -- kzf
chp -- tpp
chp -- jzp
chp -- shx
chp -- tkp
tbv -- hdk
tbv -- mxr
tbv -- zcx
tbv -- jgx
hdk -- kqg
hdk -- ddp
hdk -- hbl
mxr -- pgn
mxr -- tks
mxr -- qpx
mxr -- zlm
zcx -- kcv
zcx -- sfn
zcx -- qdr
jgx -- hrn
jgx -- tcg
jgx -- tzp
jgx -- vsk
hnt -- hlj
hnt -- drc
hnt -- jsc
hlj -- hzv
hlj -- mtx
drc -- vgv
jsc -- zsq
jsc -- pgx
jsc -- knf
vkb -- slr
vkb -- tzr
slr -- vdb
slr -- gdh
tzr -- bdb
tzr -- zth
tzr -- msp
lcj -- jxh
lcj -- sxz
lcj -- ssk
jxh -- dpr
jxh -- ppj
sxz -- kcc
sxz -- qjl
sxz -- bqs
ztf -- dhv
ztf -- gsz
ztf -- zqf
lzr -- qcm
lzr -- dtl
lzr -- hcv
vmc -- djg
vmc -- rnh
rpt -- hsd
rpt -- mqg
rpt -- rqr
sdj -- jjr
sdj -- nhs
sdj -- csq
jjr -- zsq
jjr -- qfl
jjr -- bjf
jjr -- qbm
htm -- kbx
htm -- gxf
htm -- nnt
kbx -- tvh
kbx -- zpm
vpn -- dvd
vpn -- kkx
vpn -- gmz
vpn -- mld
dvd -- fxm
dvd -- dff
dvd -- nkt
kkx -- hmk
kkx -- mkg
jzh -- ztx
jzh -- hfn
jzh -- cdz
jzh -- kzl
jzh -- ktb
ztx -- xhz
ztx -- rkn
rbv -- knc
fzt -- qkq
fzt -- jxb
fzt -- dvb
fzt -- fsh
fzt -- qdr
qkq -- zth
jxb -- jff
jxb -- gsq
dvb -- gsr
dvb -- nfq
dvb -- lqq
fsh -- vzc
fsh -- dzc
qdr -- gzb
qdr -- frr
ndm -- txf
ndm -- pfh
sff -- kkh
sff -- tgs
sff -- qgz
kkh -- vdc
kkh -- slv
tgs -- nqj
tgs -- pkt
tgs -- fgq
tkx -- dsv
tkx -- ntz
tkx -- khl
tkx -- zpc
tkx -- hdd
dsv -- gbv
dsv -- hnl
ntz -- tln
khl -- zks
khl -- hlb
zpc -- blx
zpc -- qgn
zpc -- jgp
hdd -- xpl
xpb -- hsz
xpb -- qtv
xpb -- hbv
xpb -- tls
xpb -- zfx
hsz -- xpx
hsz -- srq
hsz -- knk
qtv -- kdf
qtv -- rcx
hbv -- txp
hbv -- lbb
hbv -- lfk
hbv -- krk
hbv -- sqp
hbv -- dlt
gmm -- mjt
gmm -- rbr
mjt -- qzk
mjt -- ffv
mjt -- hsl
sdt -- fgq
fgq -- khb
fgq -- pgk
mkg -- vpk
mkg -- bhl
mkg -- snr
mkg -- dth
vpk -- dff
vpk -- gft
vpk -- zvr
knt -- nph
knt -- xzd
knt -- kvp
knt -- qzp
clt -- ggq
clt -- pzt
ccg -- hnx
ccg -- bkc
hnx -- btf
hnx -- vqm
hnx -- szc
bkc -- djg
bkc -- gtn
bkc -- tqb
bkc -- bbs
ljx -- kns
ljx -- qpf
kns -- czh
kns -- frr
vss -- cqs
vss -- fxk
vss -- scl
cqs -- bbb
cqs -- dtr
vbf -- hdj
vbf -- jkt
hdj -- cmp
hdj -- pfn
hdj -- fzx
hdj -- pkh
hdj -- sxv
jkt -- tpp
jkt -- rqk
tsr -- gjm
tsr -- thk
tsr -- nbg
tsr -- zqf
gjm -- njx
gjm -- jzn
gcj -- kvm
gcj -- pzt
gcj -- nnt
gcj -- qrg
kvm -- rrg
kvm -- rlh
kvm -- zcq
jjl -- lds
jjl -- bjf
jjl -- sbb
jjl -- zqb
jjl -- lqq
lds -- qjl
lds -- stb
lds -- xft
bjf -- sxk
bjf -- fhv
tnd -- lnt
tnd -- ztn
tnd -- hsb
lnt -- qdp
lnt -- tmg
ztn -- tqk
ztn -- bns
ztn -- cqc
tgg -- clp
tgg -- nzg
fgf -- dzq
fgf -- ctr
fgf -- crk
dzq -- qjl
dzq -- bdf
dzq -- hgg
bpp -- xjj
bpp -- lgg
bpp -- kvt
xjj -- zzq
xjj -- ghg
xjj -- vts
xjj -- vnk
lgg -- nmg
lgg -- thm
lgg -- zdv
lgg -- rbr
lgg -- chd
lgq -- gml
gml -- qfb
gjc -- bqk
gjc -- kqk
gjc -- hnb
gjc -- scl
bqk -- gzb
bqk -- qpx
bqk -- gzm
xjv -- fsq
xjv -- hbk
fsq -- mgk
fsq -- hrf
hbk -- znh
hbk -- pls
fct -- jmh
fct -- xgb
jmh -- gkk
jmh -- qqm
jmh -- mhv
xgb -- vqx
xgb -- xvd
xgb -- mxm
nqz -- sns
nqz -- kdk
nqz -- bjm
sns -- nxr
sns -- srf
sns -- lqr
kdk -- ltx
kdk -- fvg
kdk -- dkz
grt -- qpc
grt -- nmg
grt -- xlb
qpc -- nxk
qpc -- qhj
qpc -- cxg
qpc -- jmm
nmg -- xsx
hsd -- fcb
hsd -- bsz
hsd -- nbg
hsd -- tmx
mqg -- vgk
mqg -- rqk
qzd -- dlt
dlt -- fkc
dlt -- qzk
pnb -- vbc
vbc -- blh
vbc -- vxb
czh -- bdf
czh -- tkj
bdf -- kvp
csc -- ttg
csc -- gtn
csc -- zdg
csc -- psr
ttg -- bzh
ttg -- jpb
ttg -- svn
bbb -- hfn
bbb -- ncc
bbb -- qkj
dtr -- gdh
dtr -- qrg
dtr -- qsl
xvx -- vrs
vrs -- qph
vrs -- dpm
vrs -- qgl
qrz -- kqg
qrz -- jkr
qrz -- cht
qrz -- dpz
nll -- bmj
nll -- rvj
bmj -- thk
bmj -- gft
bmj -- vjr
fjl -- lkg
fjl -- jvt
lkg -- qcm
lkg -- xlb
vtg -- slv
slv -- rlc
rfm -- dkn
rfm -- dcv
hrl -- kmq
hrl -- rph
hrl -- kkz
kmq -- frh
kmq -- dnz
kmq -- csk
kmq -- qbb
rph -- pfz
rph -- gst
rph -- bcb
kkz -- fxl
kkz -- qdp
kkz -- grv
kkz -- vkn
lvr -- cmv
lvr -- mrx
lvr -- kpv
cmv -- pvn
cmv -- ndt
cmv -- mtj
mrx -- hdr
mrx -- gbx
xpx -- ghb
xpx -- vxx
xpx -- svn
ghb -- kxh
ghb -- fmd
ghb -- dcv
vxx -- ztd
vxx -- jdq
svn -- dfp
hmn -- pcz
hmn -- hjp
hmn -- czf
pcz -- fdq
hjp -- vrp
njx -- vjr
vjr -- rrh
vjr -- pxl
vjr -- mvg
ngb -- xqm
ngb -- ftn
xqm -- ghq
xqm -- kxv
ftn -- rqj
ftn -- rsp
jck -- rtx
jck -- nlf
jck -- zvp
jck -- qnb
rtx -- jdp
rtx -- slp
nlf -- tqd
nlf -- krk
nlf -- nbc
zvp -- lqg
zvp -- qgz
zvp -- pdh
zvp -- pjm
vsd -- prf
vsd -- rkn
prf -- bdm
prf -- tks
rrh -- vpf
rrh -- ndt
vpf -- njg
vpf -- fng
ndt -- dpj
ndt -- pdh
mtj -- nbn
ggq -- tqk
ggq -- ghq
ggq -- lrm
tqk -- zgz
ghq -- qgl
ghq -- pbx
skl -- cjm
skl -- tpb
rhx -- txk
rhx -- nqp
rhx -- chh
snn -- hgg
snn -- slf
snn -- fxk
pss -- knh
pss -- ffq
pss -- msg
pss -- jdp
knh -- cqr
knh -- hrf
ffq -- tsh
ffq -- ffv
rjk -- vzs
rjk -- dmf
rjk -- trf
vzs -- gfd
vzs -- hdt
vzs -- xsx
vzs -- trf
ksj -- pnl
ksj -- nss
ksj -- prh
pnl -- lvb
pnl -- qsl
pnl -- vsk
nss -- dzc
nss -- zlm
nss -- jgs
prh -- gxf
prh -- msl
prh -- lsx
prh -- sbj
qgn -- hdt
qgn -- zvs
qgn -- lpd
hdt -- xqx
zvs -- cnt
zvs -- nqd
zvs -- hcs
zvs -- xsv
cfk -- zpk
cfk -- cqm
zpk -- rrc
zpk -- fkg
fgc -- fmd
fgc -- spq
fgc -- jnj
fgc -- tkz
fmd -- qfj
fmd -- qfx
fmd -- fkg
spq -- cnt
spq -- vsl
rxg -- kqn
rxg -- vvj
rxg -- qnf
rxg -- xqx
rxg -- fqt
rxg -- qnv
hdr -- vhv
hdr -- hcs
tpx -- cxx
tpx -- ldl
tpx -- mcl
cxx -- zqb
djg -- cgb
djg -- fgn
cgb -- tqd
vfs -- qfb
vfs -- tkl
vfs -- xgh
vfs -- csk
vfs -- rlk
qfb -- slf
qfb -- kml
tkl -- hsm
tkl -- lfq
tkl -- vkn
xgh -- frh
xgh -- xzt
xgh -- rrn
xgh -- lhm
csk -- lxf
csk -- pqn
pkj -- hmv
pkj -- ssk
pkj -- tzp
hmv -- dnz
hmv -- xcv
hmv -- pgp
vjj -- blh
vjj -- srf
vjj -- dzd
vjj -- qxg
blh -- dzd
blh -- fxj
blh -- zlg
srf -- nqs
dzd -- kqc
bdb -- spn
bdb -- ljh
sdl -- cbm
cbm -- zpm
cbm -- fzp
cbm -- cdz
lzq -- zfr
lzq -- hpx
lzq -- zfx
lzq -- pdh
zfr -- gcv
zfr -- kdf
hpx -- vts
hpx -- ptn
hpx -- fjz
lcd -- sbp
lcd -- qqm
lcd -- tkp
lcd -- gcv
sbp -- kzf
sbp -- ddz
sbp -- mgk
qqm -- tqb
qqm -- qzq
tkp -- snj
tkp -- cnv
tkp -- pdh
gcv -- gtk
gcv -- pmp
kqc -- gzm
kqc -- sjp
hlx -- qzb
hlx -- psh
hlx -- chm
hlx -- cmq
qzb -- fvq
qzb -- vgk
psh -- vvj
psh -- pxv
chm -- nxv
chm -- rzq
chm -- qnf
dzc -- tlx
dzc -- njj
tlx -- jsh
tlx -- rqj
tlx -- jvg
tlx -- hjm
njj -- mgb
njj -- hld
njj -- bvf
zks -- krl
zks -- vnt
zks -- gtk
zks -- hnm
krl -- hvf
krl -- sxv
krl -- fcb
vnt -- zdg
gtk -- gjh
gtk -- szx
hnm -- kjk
hnm -- tfx
dpj -- nqj
dpj -- gmx
dpj -- pxx
dpj -- zht
nqj -- ljd
nqj -- fqt
gmx -- ghg
gmx -- vnk
pxx -- rkv
pxx -- hvf
pxx -- vvr
pxx -- fqt
gjh -- fjp
gjh -- jdj
szx -- sqb
szx -- bnh
hnp -- qph
hnp -- mnh
hnp -- knr
qph -- pbx
mnh -- sjp
knr -- jnl
knr -- zgz
qtf -- cxh
qtf -- ljl
qtf -- sxk
cxh -- hjd
cxh -- vzc
cxh -- fhv
ljl -- vrc
ljl -- pkr
ljl -- lrl
sxk -- xzg
hsb -- tpb
hsb -- jnz
tpb -- hnb
jnz -- jfx
jnz -- xfq
jnz -- gvc
frh -- hrn
frh -- vtr
zsq -- gfp
zsq -- kcv
zsq -- zrm
gfp -- zth
gfp -- rlh
gfp -- zrk
kcv -- pbc
kcv -- kvp
ldr -- rkv
ldr -- krf
ldr -- xmc
nlv -- kxz
nlv -- rlg
nlv -- tls
rqj -- vzc
rsp -- hjd
rsp -- kcc
rsp -- mhk
gbx -- vzl
gbx -- fng
lpb -- nkd
lpb -- pgx
nkd -- fvg
nkd -- zmr
nkd -- qpf
pgx -- zfv
tqd -- hmk
tqd -- zld
kjk -- klz
kjk -- tmx
kjk -- dkl
klz -- dtl
klz -- kxx
klz -- lqg
tmx -- tbx
tmx -- pnj
dkl -- kxh
dkl -- nps
dkl -- xrk
knc -- vmz
vmz -- grg
vmz -- ktg
vmz -- tmp
llv -- zlx
llv -- jbs
llv -- bqp
zlx -- hsm
zlx -- bjm
zlx -- hcx
zch -- jcv
jcv -- zhv
jcv -- zqp
mhk -- gvj
mhk -- gvq
bdk -- qrj
bdk -- rrn
lxf -- sbx
lxf -- vfp
lxf -- lzx
lxf -- fqx
lxf -- qst
vxl -- qvp
vxl -- vqm
vxl -- skm
vxl -- vqd
btf -- pvn
pvn -- kvt
pvn -- jmq
kck -- rpb
kck -- czj
kck -- bgs
kck -- ngk
rpb -- crk
cmp -- xvd
cmp -- nkt
xvd -- bjt
xvd -- pxl
nkt -- fpz
nkt -- sqp
bnv -- gst
bnv -- vnk
bnv -- xrk
gst -- lgp
vnk -- snr
xrk -- fjz
xrk -- hcs
lgr -- fns
lgr -- fxj
lgr -- mzf
fns -- qcb
fxj -- rrn
fxj -- vfp
fxj -- lvb
mzf -- zpg
mzf -- gqz
mzf -- vps
mzf -- dkd
jfv -- kcc
jfv -- bns
kcc -- vps
kcc -- fck
kcc -- fnt
rdj -- qzq
rdj -- qhj
rdj -- gmz
crc -- hld
crc -- jsh
crc -- bpg
hld -- lfq
hld -- xzd
hld -- stb
xhz -- sgf
xhz -- hsm
xhz -- lzx
sgf -- pmk
sgf -- tkh
sgf -- jpn
dmx -- dbt
dmx -- fdp
dmx -- gdh
dbt -- pgn
dbt -- mgp
fdp -- cpb
kxn -- grj
kxn -- mgp
kxn -- hbl
grj -- phn
vdb -- ctr
psk -- qpx
sxf -- sbb
sxf -- scd
khb -- jdq
khb -- mtb
khb -- kmc
jdq -- zhk
jdq -- zhf
mtb -- nqd
mtb -- zdv
mtb -- xmc
nxr -- tmg
nxr -- phf
tmg -- sqc
tmg -- ctj
phf -- vsk
xnd -- sgt
xnd -- tzh
xnd -- ghx
spn -- hqq
spn -- qxg
hqq -- snc
hqq -- pfh
hqq -- jfx
hqq -- gzq
lpm -- pjz
gzb -- fxr
fxr -- lrm
fxr -- clp
fxr -- gcm
fxr -- tzh
zpt -- fpf
zpt -- ppj
zpt -- gqz
zpt -- zth
fpf -- djk
fpf -- bcb
fpf -- bxv
vrc -- bgh
vrc -- mlj
vrc -- djk
pxl -- rqk
jdl -- klx
jdl -- slp
gkk -- nps
gkk -- jvt
gkk -- chd
hsm -- vnm
tpp -- bcx
ddl -- jgp
ddl -- cvx
ddl -- zqp
ddl -- vhz
jgp -- sqv
cvx -- knk
cvx -- kft
cvx -- lbb
cvx -- qfx
zqp -- qfx
zqp -- zvr
vhz -- nfc
hkx -- bbs
hkx -- fkg
hkx -- kct
bbs -- gsz
fkg -- nbn
kct -- bjt
kct -- hdh
hjd -- qzp
hjd -- zlm
hjd -- xsb
qzp -- ljh
qzp -- gsc
zzq -- lgp
zzm -- flg
zzm -- cst
flg -- njn
flg -- xzm
flg -- zrk
dnp -- hvp
dnp -- nfq
dnp -- spg
hxs -- jbp
hxs -- cqc
hxs -- zmr
jbp -- cpb
jbp -- jsh
jbp -- cht
qvl -- qkc
qvl -- xbq
qvl -- thf
qkc -- nhf
qkc -- cht
xbq -- zth
xbq -- qdp
thf -- tmm
thf -- mtx
thf -- stb
cnt -- gtx
sbx -- qdp
sbx -- njn
sbx -- scd
sbx -- clp
qdp -- vkl
qdp -- tks
njn -- bnk
njn -- ctt
njn -- nfg
scd -- gnc
txv -- pnj
txv -- rqk
pnj -- rnh
pnj -- skm
rqk -- nbg
sqv -- xxl
lpd -- jdj
lpd -- tmp
jdj -- fvq
jdj -- zfj
jdj -- csv
tmp -- ddz
qfj -- zfj
qfj -- mxg
qfj -- rbt
zfj -- prl
zfj -- fbn
mxg -- fkf
rbt -- kxh
rbt -- hzf
xks -- sgt
xks -- ktz
xks -- ccz
dhv -- nps
dhv -- dcf
dhv -- rlg
rsd -- frr
rsd -- ktz
rsd -- tks
rsd -- vrp
ktz -- ngk
vrp -- fck
vrp -- djk
vrp -- dpm
vrp -- chh
nps -- drt
drt -- qzk
drt -- fng
drt -- rlg
sfd -- ppr
sfd -- mlq
sfd -- hbl
ppr -- kxg
mlq -- pmk
mlq -- tcg
qsh -- rzj
qsh -- nlm
qsh -- jdn
qbq -- zkm
qbq -- gvj
qbq -- hrn
qbq -- jsh
zkm -- vlg
zkm -- bcf
zkm -- fgl
zkm -- jfx
ctg -- cxb
blx -- qfd
blx -- mzt
lrm -- czj
pqv -- fzf
pqv -- sss
fzf -- tlt
fzf -- pmp
sss -- ktg
sss -- ljd
sss -- ngh
sss -- xpd
ctr -- nfq
ctr -- vtr
ctr -- qrg
dfp -- vsl
bgh -- dpr
bgh -- rmv
bgh -- dlj
dpr -- bxv
rmv -- bqs
rmv -- hvr
pzn -- qgz
fpz -- qmb
rkv -- zlr
rkv -- rcx
rkv -- txp
zlr -- grn
txp -- fvq
txp -- kft
hvf -- dmf
kqg -- fqx
kqg -- brv
fqx -- rrn
fqx -- pbc
rlc -- kqn
rlc -- rtj
rlc -- rfr
kqn -- crv
kqn -- rrc
kqn -- ffv
rtj -- fzx
rtj -- lfk
rfr -- pxq
rfr -- bbv
rfr -- rnh
grg -- krf
krf -- sqb
krf -- qvp
gtn -- ptn
gtn -- bbh
ptn -- klx
shz -- kmj
shz -- jzj
shz -- qbm
kmj -- qgl
kmj -- jcm
kmj -- scl
jzj -- fxb
jzj -- bhz
jzj -- gsc
bnk -- bvg
bnk -- ctt
nxv -- dsr
nxv -- qjf
qfd -- scg
qfd -- ddz
qfd -- chk
scg -- rhc
scg -- jzp
scg -- hcv
ddz -- zkp
kvt -- vcs
kvt -- vsl
kvt -- grx
vcs -- xxl
vsl -- msg
grx -- mtt
bjr -- nqs
qcb -- jnl
qcb -- kxv
blk -- fgp
fgp -- tzj
fgp -- zhk
fgp -- pkh
fgp -- snh
rth -- bxv
qfx -- tsh
qfx -- tsg
tsh -- txz
tsh -- gnv
xfq -- prs
xfq -- bdm
mtt -- kdf
mtt -- kpc
kdf -- vqx
kpc -- cts
rrn -- srj
rrn -- prs
lnn -- ncc
lnn -- stb
lnn -- rdl
ncc -- bcb
ncc -- qgl
ncc -- bjh
ncc -- bdm
rdl -- vnc
rdl -- pgp
rdl -- ktb
rdl -- sld
gqz -- gnk
gqz -- xnk
gqz -- bdm
gnk -- kgs
gnk -- vzc
gnk -- txg
gnk -- dsx
dpz -- qbb
dkz -- slx
dkz -- gfv
zsj -- fvq
zsj -- fjp
zsj -- shx
pfz -- pkr
pfz -- cmt
pfz -- hvr
bcb -- mcl
rlh -- vps
rqp -- zlj
rqp -- jvg
rqp -- nld
zlj -- zgz
zlj -- gsq
jvg -- xzc
jvg -- zrm
nld -- qrj
nld -- rxk
nld -- pbc
nld -- nzs
fvq -- xpd
gcl -- tzz
gcl -- dpm
rjd -- zmr
njg -- chd
njg -- znh
njg -- psr
jnl -- msl
jnl -- ktb
msl -- jfr
ztd -- npz
ztd -- ndx
ktg -- qvp
rrc -- rlg
rrc -- xqp
rlg -- trl
msg -- nkf
nkf -- qqb
nkf -- xst
nkf -- cxg
nkf -- pjm
gsr -- qbb
gsr -- xnk
gdh -- qkj
gdh -- sqc
gdh -- dcp
qkj -- lsx
vfp -- zqb
zqb -- bqp
zqb -- fzp
snj -- vdt
snj -- nbn
snj -- fxm
vdt -- xnq
vdt -- npq
nbn -- xbv
fjp -- dcv
fjp -- mlp
fjp -- kjv
dcv -- vqm
mlp -- xqh
mlp -- gxz
kjv -- xmj
kjv -- fmz
fqk -- lfk
fqk -- fjz
gtl -- qpx
gtl -- prd
gtl -- rxk
gtl -- bpb
qpx -- kgs
prd -- nhg
prd -- knf
rxk -- jfr
rxk -- sbb
bpb -- zpr
bpb -- cpb
bpb -- jcm
crv -- kvv
crv -- hll
xzm -- bqs
xzm -- gvq
bqs -- vpd
ghg -- gmn
ghg -- zhk
qng -- ndx
qng -- rlt
rzq -- bzh
fmz -- fkc
rtd -- slf
slf -- vzc
fxl -- prs
grv -- lfq
txk -- fdq
fdq -- zrk
pxq -- xxl
pxq -- hzz
hzz -- nqd
hzz -- tvr
bqh -- mmg
zth -- bvg
bvg -- jcp
pzk -- zfv
pzk -- pdn
pzk -- zcq
zfv -- bvf
tjx -- tkz
jcp -- nqs
jcp -- ctt
lzx -- gzm
lzx -- qhc
thm -- tvr
thm -- tss
thm -- kvv
thm -- vzl
tvr -- rqr
tss -- khm
tss -- mth
tss -- pgm
kvv -- qfq
ljd -- dht
dht -- zld
sfn -- kgs
sfn -- xzd
kgs -- mtx
qxt -- nqs
qxt -- fhm
vtl -- vfb
vtl -- sgd
vtl -- kbp
vfb -- cjl
vfb -- gxz
vfb -- nqd
vfb -- kpv
vfb -- qzq
sgd -- zmt
sgd -- vqx
sgd -- xmc
kbp -- pjm
kbp -- nfc
rfs -- tzz
rfs -- nfg
rfs -- clh
tzz -- fbd
tzz -- srn
nfg -- vnc
pmk -- nph
pmk -- plx
hfn -- pdl
cpx -- znz
cpx -- zht
cpx -- bcx
cpx -- jvt
znz -- srq
znz -- npm
zht -- fgn
zht -- xmj
bcx -- fkc
vhv -- kzf
vhv -- pxv
vhv -- hdh
pxv -- jpb
cqm -- vnb
vnb -- tfx
vnb -- snh
vps -- mbx
xvv -- kxh
xvv -- qmb
kxh -- shx
snd -- hnl
snd -- zmh
snd -- vdc
hnl -- hzf
hnl -- dth
zmh -- xlt
zmh -- dcf
zmh -- zst
vdc -- fng
sqb -- fdb
sqb -- qzq
sqb -- cqn
fdb -- xtj
fdb -- lgp
zpr -- sbb
vlg -- fgl
vlg -- txf
fgl -- zlg
jzp -- trf
rpd -- nzg
rpd -- dlj
rpd -- pgp
nzg -- pfh
czj -- dnz
dnz -- ljh
vgk -- zdz
vgk -- tpl
hdz -- gtx
hdz -- cnv
hdz -- xnq
msb -- sbb
msb -- vgv
xqh -- gmt
kft -- jnj
csq -- fqc
csq -- svf
fkc -- cts
fkc -- znh
fkc -- ftc
cts -- blr
znh -- fnk
ftc -- hdn
ftc -- qtk
lfq -- mmh
mmh -- sld
mmh -- tqp
fxb -- bjh
fxb -- ppz
bhz -- lhm
dpm -- fzs
cjl -- qvp
cjl -- lvm
tqb -- jzn
tqb -- qkr
gbv -- bnh
tvh -- fqc
tvh -- vsk
pfn -- qtk
qtk -- bbv
qtk -- sxv
rzj -- dnr
dnr -- skz
dnr -- qsl
pzt -- trb
pzt -- czf
pzt -- lrl
trb -- bns
qjl -- vcb
qjl -- ljh
vcb -- ndp
vcb -- crk
vcb -- qxg
cpb -- sbb
cpb -- mkk
cpb -- fvg
xcd -- pvp
xcd -- tln
pvp -- dff
tln -- mvg
tln -- svh
tln -- bqv
gzk -- ngh
gzk -- pxr
gzk -- snr
znk -- ddp
znk -- hnb
ddp -- plx
lvb -- phn
lvb -- sgt
phn -- ctj
szj -- txg
szj -- rvl
szj -- pfh
szj -- tmm
rvl -- mkk
rvl -- lhm
rvl -- mtx
pfh -- jgs
txf -- cnk
bgs -- xgd
bgs -- rlk
bgs -- qrg
xgd -- fmj
blr -- xbv
bnh -- cmq
bnh -- gqh
nlm -- srn
nlm -- mgb
nlm -- lqq
srn -- pkr
sbb -- skz
sgt -- xft
xft -- gnc
mbx -- snc
mbx -- bjh
snc -- clh
ndx -- cxb
cmq -- hqx
qqb -- nqd
zgz -- nqp
zgz -- hgg
fzx -- tpl
fzx -- qnf
fzx -- qnb
tpl -- thk
tpl -- ckv
qnf -- xmj
jtg -- gcd
gfd -- bsz
gfd -- tkz
gfd -- pls
tsg -- jpb
tsg -- shx
jpb -- vrm
gcm -- pdn
gcm -- pbx
mvg -- shx
mvg -- rhc
ndp -- bft
ndp -- xzt
zkp -- cqn
zkp -- vqd
gtx -- jmm
qcm -- mld
ssk -- kqk
kqk -- ppz
kqk -- vvb
kqk -- pqn
hjx -- chd
zhv -- chk
zhv -- bbh
zhv -- lvm
jsh -- mlj
jsh -- pdl
mlj -- ghx
mlj -- vpd
fck -- zlg
hsl -- qnv
dtl -- bqv
bqv -- tfx
qsl -- cnk
gmn -- dkr
gmn -- bzh
gft -- ltd
srq -- nxk
srq -- rtl
nxk -- nmm
fbd -- vvb
zdk -- skz
zdk -- qxg
tzj -- tlt
tzj -- tls
tlt -- xtj
khm -- rst
khm -- trf
rst -- jmq
rst -- qzk
gsl -- cdz
cdz -- lrl
dcp -- tmm
dcp -- djl
dcp -- vkl
dcp -- hmf
tmm -- tzp
djl -- tlm
vkl -- gzq
hmf -- vxb
grn -- qhj
grn -- vrm
grn -- zfx
qhj -- zst
qhj -- hzf
qhj -- gdp
vrm -- chk
vrm -- fkf
xlt -- qkr
xlt -- zmt
gzm -- bqx
bqx -- jgs
bbv -- csv
bbv -- psr
kxz -- xlb
kxz -- fbn
kxz -- fgn
xlb -- xqx
fbn -- cfh
mzt -- mth
dcf -- zvr
zvr -- npm
vvj -- kpv
ngh -- ltd
vvr -- vtn
vvr -- npq
vtn -- ckv
vtn -- bhl
npq -- slp
lbb -- qvt
rmj -- jkn
prl -- xsx
ptb -- rrg
ptb -- sbj
jhm -- jhb
jhm -- xzc
jhm -- fhm
jhm -- cnk
jhb -- lsx
xzc -- nhf
xzc -- msp
fhm -- jcm
fzp -- jkr
fzp -- kbq
skd -- tlm
tlm -- gvq
qjf -- gxz
qjf -- cxb
gxz -- pjm
kxg -- zrk
fgn -- knk
knk -- fng
slx -- gfl
slx -- pgp
xbv -- tbx
kbq -- nzs
xsb -- ppz
xsb -- gvc
xsb -- vnc
ppz -- zpg
gvc -- mjn
fnk -- pmp
fnk -- tqq
ghx -- ktn
ghx -- sld
chk -- vqd
vqd -- gmt
vqd -- sxm
rhc -- qnv
qnv -- cxb
qnv -- hll
qnv -- mxm
fqc -- vkn
lqr -- svf
lqr -- zlg
fmj -- czf
fmj -- jsv
dlj -- svf
dlj -- hcx
hcx -- ldl
jbs -- bzl
jbs -- vtr
pxr -- qgz
vpd -- nnt
vpd -- gsc
jff -- tqp
tqp -- pbc
jdp -- xtj
jdp -- jmq
xtj -- hll
xtj -- hrf
kml -- hnb
dkn -- hrc
vkn -- qst
fhv -- zqc
fhv -- qgl
zqc -- cqc
nmm -- nbc
nbc -- dkr
qfq -- npz
qfq -- bhl
qfq -- xqp
dmf -- mhq
mhq -- hrc
mhq -- gfn
jvl -- jdh
fjz -- svh
cmt -- qlf
cmt -- nqb
bns -- ldl
tbx -- fkf
tbx -- csv
csv -- svh
kxx -- bbh
kxx -- xqp
xmj -- hcs
crk -- mjn
mjn -- nhg
mjn -- ccz
mjn -- rrk
cjm -- lxh
cjm -- hnb
hjm -- jpn
bqp -- pbx
jfr -- lqq
rsr -- gbq
rsr -- pbx
rsr -- sjq
gbq -- zmr
jmq -- mhv
pbc -- jdn
nzs -- qfl
nzs -- kkn
vnc -- kzl
kzl -- fzs
jgs -- gsq
gsq -- spg
svh -- npm
xcv -- prs
prs -- qlf
bft -- bvf
bvf -- cvk
tgt -- pmp
tgt -- sxm
lxh -- kxv
lxh -- dsx
lxh -- chh
pkh -- vqm
djk -- nqb
jcm -- ctj
zdv -- cqr
zdv -- qmb
cqr -- pgk
cqr -- xnq
tkh -- dkd
tkh -- ctt
dkd -- kgq
dkd -- gnc
nhf -- fxk
dkr -- gnv
zhf -- vqx
zhf -- xpl
kpv -- xsv
xsv -- ckv
xsv -- sxm
ckv -- mhv
mgb -- jpn
srj -- knf
srj -- xzt
knf -- kkn
knf -- dxc
cqc -- qbm
zdg -- qgz
qhc -- gcd
gcd -- mkk
gnv -- lvm
gdp -- mgk
gdp -- pjz
zst -- snr
zst -- mhv
bcf -- plx
sqp -- lgp
xzt -- zjj
xqp -- mmg
mmg -- xst
gfv -- bpg
pmv -- jdh
pmv -- bsz
sld -- kxv
lqg -- cqn
zdz -- vfg
zdz -- qnb
ngk -- fzs
ngk -- tkj
qvt -- zmt
qvt -- hrc
zmt -- skm
nth -- ccz
nth -- vxb
jnj -- rtl
npm -- vfg
nqp -- zpg
spg -- msp
spg -- lcv
mgk -- tqq
hgg -- ccz
hgg -- bdm
ktn -- sbj
xpl -- gqh
gqh -- hlb
kxv -- gnc
gmt -- hll
fnt -- ctj
xnq -- zld
xnq -- pjz
lsx -- jdn
bjm -- zcq
nnt -- cst
cst -- sbj
cst -- zrm
lcv -- tcg
zjr -- rlt
rlt -- snh
hdh -- hrf
klx -- jkn
clh -- xzg
cxg -- tqq
pdn -- vgv
gvq -- dxc
jgf -- qst
qst -- vsk
jkn -- szc
mdm -- hbl
rqr -- gfn
vsk -- pdl
}